/home/bartek/ros2_ws/src/ros2_basics/install/ros2_basics/lib/python3.12/site-packages/ros2_basics/reach_checker.py
/home/bartek/ros2_ws/src/ros2_basics/install/ros2_basics/lib/python3.12/site-packages/ros2_basics/launch.py
/home/bartek/ros2_ws/src/ros2_basics/install/ros2_basics/lib/python3.12/site-packages/ros2_basics/__init__.py
/home/bartek/ros2_ws/src/ros2_basics/install/ros2_basics/lib/python3.12/site-packages/ros2_basics/object_position.py
/home/bartek/ros2_ws/src/ros2_basics/install/ros2_basics/lib/python3.12/site-packages/ros2_basics/__pycache__/reach_checker.cpython-312.pyc
/home/bartek/ros2_ws/src/ros2_basics/install/ros2_basics/lib/python3.12/site-packages/ros2_basics/__pycache__/launch.cpython-312.pyc
/home/bartek/ros2_ws/src/ros2_basics/install/ros2_basics/lib/python3.12/site-packages/ros2_basics/__pycache__/__init__.cpython-312.pyc
/home/bartek/ros2_ws/src/ros2_basics/install/ros2_basics/lib/python3.12/site-packages/ros2_basics/__pycache__/object_position.cpython-312.pyc
/home/bartek/ros2_ws/src/ros2_basics/install/ros2_basics/share/ament_index/resource_index/packages/ros2_basics
/home/bartek/ros2_ws/src/ros2_basics/install/ros2_basics/share/ros2_basics/package.xml
/home/bartek/ros2_ws/src/ros2_basics/install/ros2_basics/share/ros2_basics/launch/bringup.launch.py
/home/bartek/ros2_ws/src/ros2_basics/install/ros2_basics/lib/python3.12/site-packages/ros2_basics-0.0.0-py3.12.egg-info/SOURCES.txt
/home/bartek/ros2_ws/src/ros2_basics/install/ros2_basics/lib/python3.12/site-packages/ros2_basics-0.0.0-py3.12.egg-info/zip-safe
/home/bartek/ros2_ws/src/ros2_basics/install/ros2_basics/lib/python3.12/site-packages/ros2_basics-0.0.0-py3.12.egg-info/requires.txt
/home/bartek/ros2_ws/src/ros2_basics/install/ros2_basics/lib/python3.12/site-packages/ros2_basics-0.0.0-py3.12.egg-info/top_level.txt
/home/bartek/ros2_ws/src/ros2_basics/install/ros2_basics/lib/python3.12/site-packages/ros2_basics-0.0.0-py3.12.egg-info/entry_points.txt
/home/bartek/ros2_ws/src/ros2_basics/install/ros2_basics/lib/python3.12/site-packages/ros2_basics-0.0.0-py3.12.egg-info/PKG-INFO
/home/bartek/ros2_ws/src/ros2_basics/install/ros2_basics/lib/python3.12/site-packages/ros2_basics-0.0.0-py3.12.egg-info/dependency_links.txt
/home/bartek/ros2_ws/src/ros2_basics/install/ros2_basics/lib/ros2_basics/object_position
/home/bartek/ros2_ws/src/ros2_basics/install/ros2_basics/lib/ros2_basics/reach_checker
