[0.559s] Invoking command in '/home/bartek/ros2_ws/src/ros2_basics': DEBUGINFOD_URLS=https://debuginfod.ubuntu.com PYTHONPATH=/home/bartek/ros2_ws/src/ros2_basics/build/ros2_basics/prefix_override:/usr/lib/python3/dist-packages/colcon_core/task/python/colcon_distutils_commands:/home/bartek/ros2_ws/src/ros2_basics/install/ros2_basics/lib/python3.12/site-packages:${PYTHONPATH} /usr/bin/python3 -W ignore:setup.py install is deprecated -W ignore:easy_install command is deprecated setup.py egg_info --egg-base build/ros2_basics build --build-base /home/bartek/ros2_ws/src/ros2_basics/build/ros2_basics/build install --record /home/bartek/ros2_ws/src/ros2_basics/build/ros2_basics/install.log --single-version-externally-managed install_data
[0.754s] running egg_info
[0.754s] creating build/ros2_basics/ros2_basics.egg-info
[0.768s] writing build/ros2_basics/ros2_basics.egg-info/PKG-INFO
[0.768s] writing dependency_links to build/ros2_basics/ros2_basics.egg-info/dependency_links.txt
[0.769s] writing entry points to build/ros2_basics/ros2_basics.egg-info/entry_points.txt
[0.769s] writing requirements to build/ros2_basics/ros2_basics.egg-info/requires.txt
[0.769s] writing top-level names to build/ros2_basics/ros2_basics.egg-info/top_level.txt
[0.769s] writing manifest file 'build/ros2_basics/ros2_basics.egg-info/SOURCES.txt'
[0.797s] reading manifest file 'build/ros2_basics/ros2_basics.egg-info/SOURCES.txt'
[0.798s] adding license file 'LICENSE'
[0.798s] writing manifest file 'build/ros2_basics/ros2_basics.egg-info/SOURCES.txt'
[0.798s] running build
[0.798s] running build_py
[0.798s] creating /home/bartek/ros2_ws/src/ros2_basics/build/ros2_basics/build
[0.798s] creating /home/bartek/ros2_ws/src/ros2_basics/build/ros2_basics/build/lib
[0.798s] creating /home/bartek/ros2_ws/src/ros2_basics/build/ros2_basics/build/lib/ros2_basics
[0.798s] copying ros2_basics/reach_checker.py -> /home/bartek/ros2_ws/src/ros2_basics/build/ros2_basics/build/lib/ros2_basics
[0.798s] copying ros2_basics/launch.py -> /home/bartek/ros2_ws/src/ros2_basics/build/ros2_basics/build/lib/ros2_basics
[0.799s] copying ros2_basics/__init__.py -> /home/bartek/ros2_ws/src/ros2_basics/build/ros2_basics/build/lib/ros2_basics
[0.799s] copying ros2_basics/object_position.py -> /home/bartek/ros2_ws/src/ros2_basics/build/ros2_basics/build/lib/ros2_basics
[0.799s] running install
[0.803s] running install_lib
[0.818s] creating /home/bartek/ros2_ws/src/ros2_basics/install/ros2_basics/lib/python3.12/site-packages/ros2_basics
[0.818s] copying /home/bartek/ros2_ws/src/ros2_basics/build/ros2_basics/build/lib/ros2_basics/reach_checker.py -> /home/bartek/ros2_ws/src/ros2_basics/install/ros2_basics/lib/python3.12/site-packages/ros2_basics
[0.818s] copying /home/bartek/ros2_ws/src/ros2_basics/build/ros2_basics/build/lib/ros2_basics/launch.py -> /home/bartek/ros2_ws/src/ros2_basics/install/ros2_basics/lib/python3.12/site-packages/ros2_basics
[0.818s] copying /home/bartek/ros2_ws/src/ros2_basics/build/ros2_basics/build/lib/ros2_basics/__init__.py -> /home/bartek/ros2_ws/src/ros2_basics/install/ros2_basics/lib/python3.12/site-packages/ros2_basics
[0.819s] copying /home/bartek/ros2_ws/src/ros2_basics/build/ros2_basics/build/lib/ros2_basics/object_position.py -> /home/bartek/ros2_ws/src/ros2_basics/install/ros2_basics/lib/python3.12/site-packages/ros2_basics
[0.819s] byte-compiling /home/bartek/ros2_ws/src/ros2_basics/install/ros2_basics/lib/python3.12/site-packages/ros2_basics/reach_checker.py to reach_checker.cpython-312.pyc
[0.819s] byte-compiling /home/bartek/ros2_ws/src/ros2_basics/install/ros2_basics/lib/python3.12/site-packages/ros2_basics/launch.py to launch.cpython-312.pyc
[0.820s] byte-compiling /home/bartek/ros2_ws/src/ros2_basics/install/ros2_basics/lib/python3.12/site-packages/ros2_basics/__init__.py to __init__.cpython-312.pyc
[0.820s] byte-compiling /home/bartek/ros2_ws/src/ros2_basics/install/ros2_basics/lib/python3.12/site-packages/ros2_basics/object_position.py to object_position.cpython-312.pyc
[0.820s] running install_data
[0.820s] creating /home/bartek/ros2_ws/src/ros2_basics/install/ros2_basics/share/ament_index
[0.820s] creating /home/bartek/ros2_ws/src/ros2_basics/install/ros2_basics/share/ament_index/resource_index
[0.820s] creating /home/bartek/ros2_ws/src/ros2_basics/install/ros2_basics/share/ament_index/resource_index/packages
[0.821s] copying resource/ros2_basics -> /home/bartek/ros2_ws/src/ros2_basics/install/ros2_basics/share/ament_index/resource_index/packages
[0.821s] copying package.xml -> /home/bartek/ros2_ws/src/ros2_basics/install/ros2_basics/share/ros2_basics
[0.821s] creating /home/bartek/ros2_ws/src/ros2_basics/install/ros2_basics/share/ros2_basics/launch
[0.821s] copying launch/bringup.launch.py -> /home/bartek/ros2_ws/src/ros2_basics/install/ros2_basics/share/ros2_basics/launch
[0.821s] running install_egg_info
[0.836s] Copying build/ros2_basics/ros2_basics.egg-info to /home/bartek/ros2_ws/src/ros2_basics/install/ros2_basics/lib/python3.12/site-packages/ros2_basics-0.0.0-py3.12.egg-info
[0.837s] running install_scripts
[0.936s] Installing object_position script to /home/bartek/ros2_ws/src/ros2_basics/install/ros2_basics/lib/ros2_basics
[0.936s] Installing reach_checker script to /home/bartek/ros2_ws/src/ros2_basics/install/ros2_basics/lib/ros2_basics
[0.936s] writing list of installed files to '/home/bartek/ros2_ws/src/ros2_basics/build/ros2_basics/install.log'
[0.957s] Invoked command in '/home/bartek/ros2_ws/src/ros2_basics' returned '0': DEBUGINFOD_URLS=https://debuginfod.ubuntu.com PYTHONPATH=/home/bartek/ros2_ws/src/ros2_basics/build/ros2_basics/prefix_override:/usr/lib/python3/dist-packages/colcon_core/task/python/colcon_distutils_commands:/home/bartek/ros2_ws/src/ros2_basics/install/ros2_basics/lib/python3.12/site-packages:${PYTHONPATH} /usr/bin/python3 -W ignore:setup.py install is deprecated -W ignore:easy_install command is deprecated setup.py egg_info --egg-base build/ros2_basics build --build-base /home/bartek/ros2_ws/src/ros2_basics/build/ros2_basics/build install --record /home/bartek/ros2_ws/src/ros2_basics/build/ros2_basics/install.log --single-version-externally-managed install_data
